<?xml version="1.0" encoding="UTF-8"?>
<!-- Generated by org.testng.reporters.JUnitXMLReporter -->
<testsuite ignored="0" hostname="DESKTOP-SSMI81C" failures="1" tests="2" name="Test" time="91.518" errors="0" timestamp="2022-05-09T09:39:30 IST">
  <testcase classname="com.pack.Test.Classes.TC01_Page_1_Elements_validation" name="New_User" time="6.324"/>
  <testcase classname="com.pack.Test.Classes.TC02_NaukriTask" name="naukriT" time="50.009">
    <failure type="org.testng.internal.thread.ThreadTimeoutException" message="Method com.pack.Test.Classes.TC02_NaukriTask.naukriT() didn&amp;apos;t finish within the time-out 50000">
      <![CDATA[org.testng.internal.thread.ThreadTimeoutException: Method com.pack.Test.Classes.TC02_NaukriTask.naukriT() didn't finish within the time-out 50000
at java.base/java.util.ArrayList.forEach(ArrayList.java:1541)
... Removed 24 stack frames]]>
    </failure>
  </testcase> <!-- naukriT -->
</testsuite> <!-- Test -->
