<?xml version="1.0" encoding="UTF-8"?>
<testng-results ignored="0" total="1" passed="1" failed="0" skipped="0">
  <reporter-output>
  </reporter-output>
  <suite started-at="2022-05-07T12:27:01 IST" name="Default suite" finished-at="2022-05-07T12:27:14 IST" duration-ms="13450">
    <groups>
    </groups>
    <test started-at="2022-05-07T12:27:01 IST" name="Default test" finished-at="2022-05-07T12:27:14 IST" duration-ms="13450">
      <class name="com.pack.Test.Classes.TC01_Page_1_Elements_validation">
        <test-method is-config="true" signature="setup()[pri:0, instance:com.pack.Test.Classes.TC01_Page_1_Elements_validation@2cd2a21f]" started-at="2022-05-07T12:27:01 IST" name="setup" finished-at="2022-05-07T12:27:09 IST" duration-ms="7720" status="PASS">
          <reporter-output>
          </reporter-output>
        </test-method> <!-- setup -->
        <test-method signature="New_User()[pri:0, instance:com.pack.Test.Classes.TC01_Page_1_Elements_validation@2cd2a21f]" started-at="2022-05-07T12:27:09 IST" name="New_User" finished-at="2022-05-07T12:27:12 IST" duration-ms="3591" status="PASS">
          <reporter-output>
          </reporter-output>
        </test-method> <!-- New_User -->
        <test-method is-config="true" signature="tearDown()[pri:0, instance:com.pack.Test.Classes.TC01_Page_1_Elements_validation@2cd2a21f]" started-at="2022-05-07T12:27:12 IST" name="tearDown" finished-at="2022-05-07T12:27:14 IST" duration-ms="2082" status="PASS">
          <reporter-output>
          </reporter-output>
        </test-method> <!-- tearDown -->
      </class> <!-- com.pack.Test.Classes.TC01_Page_1_Elements_validation -->
    </test> <!-- Default test -->
  </suite> <!-- Default suite -->
</testng-results>
